0 info it worked if it ends with ok
1 verbose cli [ '/usr/bin/node',
1 verbose cli   '/usr/bin/npm',
1 verbose cli   'install',
1 verbose cli   'grunt',
1 verbose cli   'grunt-contrib-connect',
1 verbose cli   'grunt-karma',
1 verbose cli   'grunt-protractor-runner',
1 verbose cli   'grunt-protractor-webdriver',
1 verbose cli   'load-grunt-tasks',
1 verbose cli   '0.4.0',
1 verbose cli   '--save-dev' ]
2 info using npm@1.4.28
3 info using node@v0.10.39
4 verbose node symlink /usr/bin/node
5 warn package.json basic_example@1.0.0 No description
6 warn package.json basic_example@1.0.0 No repository field.
7 warn package.json basic_example@1.0.0 No README data
8 verbose readDependencies using package.json deps
9 verbose cache add [ 'grunt', null ]
10 verbose cache add name=undefined spec="grunt" args=["grunt",null]
11 verbose parsed url { protocol: null,
11 verbose parsed url   slashes: null,
11 verbose parsed url   auth: null,
11 verbose parsed url   host: null,
11 verbose parsed url   port: null,
11 verbose parsed url   hostname: null,
11 verbose parsed url   hash: null,
11 verbose parsed url   search: null,
11 verbose parsed url   query: null,
11 verbose parsed url   pathname: 'grunt',
11 verbose parsed url   path: 'grunt',
11 verbose parsed url   href: 'grunt' }
12 verbose cache add [ 'grunt-contrib-connect', null ]
13 verbose cache add name=undefined spec="grunt-contrib-connect" args=["grunt-contrib-connect",null]
14 verbose parsed url { protocol: null,
14 verbose parsed url   slashes: null,
14 verbose parsed url   auth: null,
14 verbose parsed url   host: null,
14 verbose parsed url   port: null,
14 verbose parsed url   hostname: null,
14 verbose parsed url   hash: null,
14 verbose parsed url   search: null,
14 verbose parsed url   query: null,
14 verbose parsed url   pathname: 'grunt-contrib-connect',
14 verbose parsed url   path: 'grunt-contrib-connect',
14 verbose parsed url   href: 'grunt-contrib-connect' }
15 verbose cache add [ 'grunt-karma', null ]
16 verbose cache add name=undefined spec="grunt-karma" args=["grunt-karma",null]
17 verbose parsed url { protocol: null,
17 verbose parsed url   slashes: null,
17 verbose parsed url   auth: null,
17 verbose parsed url   host: null,
17 verbose parsed url   port: null,
17 verbose parsed url   hostname: null,
17 verbose parsed url   hash: null,
17 verbose parsed url   search: null,
17 verbose parsed url   query: null,
17 verbose parsed url   pathname: 'grunt-karma',
17 verbose parsed url   path: 'grunt-karma',
17 verbose parsed url   href: 'grunt-karma' }
18 verbose cache add [ 'grunt-protractor-runner', null ]
19 verbose cache add name=undefined spec="grunt-protractor-runner" args=["grunt-protractor-runner",null]
20 verbose parsed url { protocol: null,
20 verbose parsed url   slashes: null,
20 verbose parsed url   auth: null,
20 verbose parsed url   host: null,
20 verbose parsed url   port: null,
20 verbose parsed url   hostname: null,
20 verbose parsed url   hash: null,
20 verbose parsed url   search: null,
20 verbose parsed url   query: null,
20 verbose parsed url   pathname: 'grunt-protractor-runner',
20 verbose parsed url   path: 'grunt-protractor-runner',
20 verbose parsed url   href: 'grunt-protractor-runner' }
21 verbose cache add [ 'grunt-protractor-webdriver', null ]
22 verbose cache add name=undefined spec="grunt-protractor-webdriver" args=["grunt-protractor-webdriver",null]
23 verbose parsed url { protocol: null,
23 verbose parsed url   slashes: null,
23 verbose parsed url   auth: null,
23 verbose parsed url   host: null,
23 verbose parsed url   port: null,
23 verbose parsed url   hostname: null,
23 verbose parsed url   hash: null,
23 verbose parsed url   search: null,
23 verbose parsed url   query: null,
23 verbose parsed url   pathname: 'grunt-protractor-webdriver',
23 verbose parsed url   path: 'grunt-protractor-webdriver',
23 verbose parsed url   href: 'grunt-protractor-webdriver' }
24 verbose cache add [ 'load-grunt-tasks', null ]
25 verbose cache add name=undefined spec="load-grunt-tasks" args=["load-grunt-tasks",null]
26 verbose parsed url { protocol: null,
26 verbose parsed url   slashes: null,
26 verbose parsed url   auth: null,
26 verbose parsed url   host: null,
26 verbose parsed url   port: null,
26 verbose parsed url   hostname: null,
26 verbose parsed url   hash: null,
26 verbose parsed url   search: null,
26 verbose parsed url   query: null,
26 verbose parsed url   pathname: 'load-grunt-tasks',
26 verbose parsed url   path: 'load-grunt-tasks',
26 verbose parsed url   href: 'load-grunt-tasks' }
27 verbose cache add [ '0.4.0', null ]
28 verbose cache add name=undefined spec="0.4.0" args=["0.4.0",null]
29 verbose parsed url { protocol: null,
29 verbose parsed url   slashes: null,
29 verbose parsed url   auth: null,
29 verbose parsed url   host: null,
29 verbose parsed url   port: null,
29 verbose parsed url   hostname: null,
29 verbose parsed url   hash: null,
29 verbose parsed url   search: null,
29 verbose parsed url   query: null,
29 verbose parsed url   pathname: '0.4.0',
29 verbose parsed url   path: '0.4.0',
29 verbose parsed url   href: '0.4.0' }
30 silly lockFile 20ff3fd8-grunt grunt
31 verbose lock grunt /home/nghi/.npm/20ff3fd8-grunt.lock
32 silly lockFile a0cb9c83-grunt-contrib-connect grunt-contrib-connect
33 verbose lock grunt-contrib-connect /home/nghi/.npm/a0cb9c83-grunt-contrib-connect.lock
34 silly lockFile 707ccff9-grunt-karma grunt-karma
35 verbose lock grunt-karma /home/nghi/.npm/707ccff9-grunt-karma.lock
36 silly lockFile 51620c80-grunt-protractor-runner grunt-protractor-runner
37 verbose lock grunt-protractor-runner /home/nghi/.npm/51620c80-grunt-protractor-runner.lock
38 silly lockFile 26051b90-grunt-protractor-webdriver grunt-protractor-webdriver
39 verbose lock grunt-protractor-webdriver /home/nghi/.npm/26051b90-grunt-protractor-webdriver.lock
40 silly lockFile 944ab2e0-load-grunt-tasks load-grunt-tasks
41 verbose lock load-grunt-tasks /home/nghi/.npm/944ab2e0-load-grunt-tasks.lock
42 silly lockFile 70dd5065-0-4-0 0.4.0
43 verbose lock 0.4.0 /home/nghi/.npm/70dd5065-0-4-0.lock
44 silly lockFile 20ff3fd8-grunt grunt
45 silly lockFile 20ff3fd8-grunt grunt
46 silly lockFile a0cb9c83-grunt-contrib-connect grunt-contrib-connect
47 silly lockFile a0cb9c83-grunt-contrib-connect grunt-contrib-connect
48 silly lockFile 707ccff9-grunt-karma grunt-karma
49 silly lockFile 707ccff9-grunt-karma grunt-karma
50 silly lockFile 51620c80-grunt-protractor-runner grunt-protractor-runner
51 silly lockFile 51620c80-grunt-protractor-runner grunt-protractor-runner
52 silly lockFile 26051b90-grunt-protractor-webdriver grunt-protractor-webdriver
53 silly lockFile 26051b90-grunt-protractor-webdriver grunt-protractor-webdriver
54 silly lockFile 944ab2e0-load-grunt-tasks load-grunt-tasks
55 silly lockFile 944ab2e0-load-grunt-tasks load-grunt-tasks
56 silly lockFile 70dd5065-0-4-0 0.4.0
57 silly lockFile 70dd5065-0-4-0 0.4.0
58 verbose addNamed [ 'grunt', '' ]
59 verbose addNamed [ null, '*' ]
60 silly lockFile 55f1ff24-grunt grunt@
61 verbose lock grunt@ /home/nghi/.npm/55f1ff24-grunt.lock
62 verbose addNamed [ 'grunt-contrib-connect', '' ]
63 verbose addNamed [ null, '*' ]
64 silly lockFile 8d414d07-grunt-contrib-connect grunt-contrib-connect@
65 verbose lock grunt-contrib-connect@ /home/nghi/.npm/8d414d07-grunt-contrib-connect.lock
66 verbose addNamed [ 'grunt-karma', '' ]
67 verbose addNamed [ null, '*' ]
68 silly lockFile 94531edb-grunt-karma grunt-karma@
69 verbose lock grunt-karma@ /home/nghi/.npm/94531edb-grunt-karma.lock
70 verbose addNamed [ 'grunt-protractor-runner', '' ]
71 verbose addNamed [ null, '*' ]
72 silly lockFile 04296a9a-grunt-protractor-runner grunt-protractor-runner@
73 verbose lock grunt-protractor-runner@ /home/nghi/.npm/04296a9a-grunt-protractor-runner.lock
74 verbose addNamed [ 'grunt-protractor-webdriver', '' ]
75 verbose addNamed [ null, '*' ]
76 silly lockFile 0ec397ea-grunt-protractor-webdriver grunt-protractor-webdriver@
77 verbose lock grunt-protractor-webdriver@ /home/nghi/.npm/0ec397ea-grunt-protractor-webdriver.lock
78 verbose addNamed [ 'load-grunt-tasks', '' ]
79 verbose addNamed [ null, '*' ]
80 silly lockFile 13a274a3-load-grunt-tasks load-grunt-tasks@
81 verbose lock load-grunt-tasks@ /home/nghi/.npm/13a274a3-load-grunt-tasks.lock
82 verbose addNamed [ '0.4.0', '' ]
83 verbose addNamed [ null, '*' ]
84 silly lockFile 8c6350cf-0-4-0 0.4.0@
85 verbose lock 0.4.0@ /home/nghi/.npm/8c6350cf-0-4-0.lock
86 silly addNameRange { name: 'grunt', range: '*', hasData: false }
87 silly addNameRange { name: 'grunt-contrib-connect', range: '*', hasData: false }
88 silly addNameRange { name: 'grunt-karma', range: '*', hasData: false }
89 silly addNameRange { name: 'grunt-protractor-runner', range: '*', hasData: false }
90 silly addNameRange { name: 'grunt-protractor-webdriver',
90 silly addNameRange   range: '*',
90 silly addNameRange   hasData: false }
91 silly addNameRange { name: 'load-grunt-tasks', range: '*', hasData: false }
92 silly addNameRange { name: '0.4.0', range: '*', hasData: false }
93 verbose request where is /0.4.0
94 verbose request registry https://registry.npmjs.org/
95 verbose request id 2964491f35072b1e
96 verbose url raw /0.4.0
97 verbose url resolving [ 'https://registry.npmjs.org/', './0.4.0' ]
98 verbose url resolved https://registry.npmjs.org/0.4.0
99 verbose request where is https://registry.npmjs.org/0.4.0
100 info trying registry request attempt 1 at 22:11:36
101 http GET https://registry.npmjs.org/0.4.0
102 verbose request where is /grunt-contrib-connect
103 verbose request registry https://registry.npmjs.org/
104 verbose url raw /grunt-contrib-connect
105 verbose url resolving [ 'https://registry.npmjs.org/', './grunt-contrib-connect' ]
106 verbose url resolved https://registry.npmjs.org/grunt-contrib-connect
107 verbose request where is https://registry.npmjs.org/grunt-contrib-connect
108 info trying registry request attempt 1 at 22:11:36
109 verbose etag "CC601ZEWTB5F0WNIW32ZK3GGW"
110 http GET https://registry.npmjs.org/grunt-contrib-connect
111 verbose request where is /grunt-karma
112 verbose request registry https://registry.npmjs.org/
113 verbose url raw /grunt-karma
114 verbose url resolving [ 'https://registry.npmjs.org/', './grunt-karma' ]
115 verbose url resolved https://registry.npmjs.org/grunt-karma
116 verbose request where is https://registry.npmjs.org/grunt-karma
117 info trying registry request attempt 1 at 22:11:36
118 verbose etag "C0UYHWVT34S50IIAD7VLLSDEJ"
119 http GET https://registry.npmjs.org/grunt-karma
120 verbose request where is /grunt
121 verbose request registry https://registry.npmjs.org/
122 verbose url raw /grunt
123 verbose url resolving [ 'https://registry.npmjs.org/', './grunt' ]
124 verbose url resolved https://registry.npmjs.org/grunt
125 verbose request where is https://registry.npmjs.org/grunt
126 info trying registry request attempt 1 at 22:11:36
127 verbose etag "A8QBSFW15IIOEAJXV79YXTXKZ"
128 http GET https://registry.npmjs.org/grunt
129 verbose request where is /grunt-protractor-webdriver
130 verbose request registry https://registry.npmjs.org/
131 verbose url raw /grunt-protractor-webdriver
132 verbose url resolving [ 'https://registry.npmjs.org/',
132 verbose url resolving   './grunt-protractor-webdriver' ]
133 verbose url resolved https://registry.npmjs.org/grunt-protractor-webdriver
134 verbose request where is https://registry.npmjs.org/grunt-protractor-webdriver
135 info trying registry request attempt 1 at 22:11:36
136 verbose etag "2MY3DWL8RNEN8YB8OZLMIQV30"
137 http GET https://registry.npmjs.org/grunt-protractor-webdriver
138 verbose request where is /grunt-protractor-runner
139 verbose request registry https://registry.npmjs.org/
140 verbose url raw /grunt-protractor-runner
141 verbose url resolving [ 'https://registry.npmjs.org/', './grunt-protractor-runner' ]
142 verbose url resolved https://registry.npmjs.org/grunt-protractor-runner
143 verbose request where is https://registry.npmjs.org/grunt-protractor-runner
144 info trying registry request attempt 1 at 22:11:36
145 verbose etag "6UR3K00J92QSFV97JNBUDWNZ1"
146 http GET https://registry.npmjs.org/grunt-protractor-runner
147 verbose request where is /load-grunt-tasks
148 verbose request registry https://registry.npmjs.org/
149 verbose url raw /load-grunt-tasks
150 verbose url resolving [ 'https://registry.npmjs.org/', './load-grunt-tasks' ]
151 verbose url resolved https://registry.npmjs.org/load-grunt-tasks
152 verbose request where is https://registry.npmjs.org/load-grunt-tasks
153 info trying registry request attempt 1 at 22:11:36
154 verbose etag "4F3JGSI5JIGAC5W63UR5HNK1"
155 http GET https://registry.npmjs.org/load-grunt-tasks
156 http 304 https://registry.npmjs.org/grunt-contrib-connect
157 silly registry.get cb [ 304,
157 silly registry.get   { date: 'Tue, 07 Jul 2015 19:11:36 GMT',
157 silly registry.get     via: '1.1 varnish',
157 silly registry.get     'cache-control': 'max-age=60',
157 silly registry.get     etag: '"CC601ZEWTB5F0WNIW32ZK3GGW"',
157 silly registry.get     age: '9',
157 silly registry.get     connection: 'keep-alive',
157 silly registry.get     'x-served-by': 'cache-fra1229-FRA',
157 silly registry.get     'x-cache': 'HIT',
157 silly registry.get     'x-cache-hits': '1',
157 silly registry.get     'x-timer': 'S1436296296.229910,VS0,VE0',
157 silly registry.get     vary: 'Accept' } ]
158 verbose etag https://registry.npmjs.org/grunt-contrib-connect from cache
159 http 304 https://registry.npmjs.org/grunt
160 silly registry.get cb [ 304,
160 silly registry.get   { date: 'Tue, 07 Jul 2015 19:11:36 GMT',
160 silly registry.get     via: '1.1 varnish',
160 silly registry.get     'cache-control': 'max-age=60',
160 silly registry.get     etag: '"A8QBSFW15IIOEAJXV79YXTXKZ"',
160 silly registry.get     age: '19',
160 silly registry.get     connection: 'keep-alive',
160 silly registry.get     'x-served-by': 'cache-fra1246-FRA',
160 silly registry.get     'x-cache': 'HIT',
160 silly registry.get     'x-cache-hits': '1',
160 silly registry.get     'x-timer': 'S1436296296.251922,VS0,VE0',
160 silly registry.get     vary: 'Accept' } ]
161 verbose etag https://registry.npmjs.org/grunt from cache
162 http 304 https://registry.npmjs.org/load-grunt-tasks
163 silly registry.get cb [ 304,
163 silly registry.get   { date: 'Tue, 07 Jul 2015 19:11:36 GMT',
163 silly registry.get     via: '1.1 varnish',
163 silly registry.get     'cache-control': 'max-age=60',
163 silly registry.get     etag: '"4F3JGSI5JIGAC5W63UR5HNK1"',
163 silly registry.get     age: '33',
163 silly registry.get     connection: 'keep-alive',
163 silly registry.get     'x-served-by': 'cache-fra1246-FRA',
163 silly registry.get     'x-cache': 'HIT',
163 silly registry.get     'x-cache-hits': '1',
163 silly registry.get     'x-timer': 'S1436296296.294734,VS0,VE0',
163 silly registry.get     vary: 'Accept' } ]
164 verbose etag https://registry.npmjs.org/load-grunt-tasks from cache
165 silly addNameRange number 2 { name: 'grunt-contrib-connect', range: '*', hasData: true }
166 silly addNameRange versions [ 'grunt-contrib-connect',
166 silly addNameRange   [ '0.1.0',
166 silly addNameRange     '0.1.1',
166 silly addNameRange     '0.1.2',
166 silly addNameRange     '0.2.0',
166 silly addNameRange     '0.3.0',
166 silly addNameRange     '0.4.0',
166 silly addNameRange     '0.4.1',
166 silly addNameRange     '0.4.2',
166 silly addNameRange     '0.5.0',
166 silly addNameRange     '0.6.0',
166 silly addNameRange     '0.7.0',
166 silly addNameRange     '0.7.1',
166 silly addNameRange     '0.8.0',
166 silly addNameRange     '0.9.0',
166 silly addNameRange     '0.10.0',
166 silly addNameRange     '0.10.1',
166 silly addNameRange     '0.1.1-rc6' ] ]
167 verbose addNamed [ 'grunt-contrib-connect', '0.10.1' ]
168 verbose addNamed [ '0.10.1', '0.10.1' ]
169 silly lockFile 48873eff-grunt-contrib-connect-0-10-1 grunt-contrib-connect@0.10.1
170 verbose lock grunt-contrib-connect@0.10.1 /home/nghi/.npm/48873eff-grunt-contrib-connect-0-10-1.lock
171 silly addNameRange number 2 { name: 'grunt', range: '*', hasData: true }
172 silly addNameRange versions [ 'grunt',
172 silly addNameRange   [ '0.1.0',
172 silly addNameRange     '0.1.1',
172 silly addNameRange     '0.1.2',
172 silly addNameRange     '0.2.0',
172 silly addNameRange     '0.2.1',
172 silly addNameRange     '0.2.2',
172 silly addNameRange     '0.2.3',
172 silly addNameRange     '0.2.4',
172 silly addNameRange     '0.2.5',
172 silly addNameRange     '0.2.6',
172 silly addNameRange     '0.2.7',
172 silly addNameRange     '0.2.8',
172 silly addNameRange     '0.2.9',
172 silly addNameRange     '0.2.10',
172 silly addNameRange     '0.2.11',
172 silly addNameRange     '0.2.12',
172 silly addNameRange     '0.2.13',
172 silly addNameRange     '0.2.14',
172 silly addNameRange     '0.2.15',
172 silly addNameRange     '0.3.0',
172 silly addNameRange     '0.3.1',
172 silly addNameRange     '0.3.2',
172 silly addNameRange     '0.3.3',
172 silly addNameRange     '0.3.4',
172 silly addNameRange     '0.3.5',
172 silly addNameRange     '0.3.6',
172 silly addNameRange     '0.3.7',
172 silly addNameRange     '0.3.8',
172 silly addNameRange     '0.3.9',
172 silly addNameRange     '0.3.10',
172 silly addNameRange     '0.3.11',
172 silly addNameRange     '0.3.12',
172 silly addNameRange     '0.3.13',
172 silly addNameRange     '0.3.14',
172 silly addNameRange     '0.3.15',
172 silly addNameRange     '0.3.16',
172 silly addNameRange     '0.3.17',
172 silly addNameRange     '0.4.0',
172 silly addNameRange     '0.4.1',
172 silly addNameRange     '0.4.2',
172 silly addNameRange     '0.4.3',
172 silly addNameRange     '0.4.4',
172 silly addNameRange     '0.4.5',
172 silly addNameRange     '0.3.13-a',
172 silly addNameRange     '0.4.0-a',
172 silly addNameRange     '0.4.0-rc1',
172 silly addNameRange     '0.4.0-rc2',
172 silly addNameRange     '0.4.0-rc3',
172 silly addNameRange     '0.4.0-rc4',
172 silly addNameRange     '0.4.0-rc5',
172 silly addNameRange     '0.4.0-rc6',
172 silly addNameRange     '0.4.0-rc7',
172 silly addNameRange     '0.4.0-rc8' ] ]
173 verbose addNamed [ 'grunt', '0.4.5' ]
174 verbose addNamed [ '0.4.5', '0.4.5' ]
175 silly lockFile 81abf7ad-grunt-0-4-5 grunt@0.4.5
176 verbose lock grunt@0.4.5 /home/nghi/.npm/81abf7ad-grunt-0-4-5.lock
177 silly addNameRange number 2 { name: 'load-grunt-tasks', range: '*', hasData: true }
178 silly addNameRange versions [ 'load-grunt-tasks',
178 silly addNameRange   [ '0.1.0',
178 silly addNameRange     '0.1.1',
178 silly addNameRange     '0.1.2',
178 silly addNameRange     '0.1.3',
178 silly addNameRange     '0.2.0',
178 silly addNameRange     '0.2.1',
178 silly addNameRange     '0.3.0',
178 silly addNameRange     '0.4.0',
178 silly addNameRange     '0.5.0',
178 silly addNameRange     '0.6.0',
178 silly addNameRange     '1.0.0',
178 silly addNameRange     '2.0.0',
178 silly addNameRange     '3.0.0',
178 silly addNameRange     '3.1.0',
178 silly addNameRange     '3.2.0' ] ]
179 verbose addNamed [ 'load-grunt-tasks', '3.2.0' ]
180 verbose addNamed [ '3.2.0', '3.2.0' ]
181 silly lockFile 495e6301-load-grunt-tasks-3-2-0 load-grunt-tasks@3.2.0
182 verbose lock load-grunt-tasks@3.2.0 /home/nghi/.npm/495e6301-load-grunt-tasks-3-2-0.lock
183 silly lockFile 48873eff-grunt-contrib-connect-0-10-1 grunt-contrib-connect@0.10.1
184 silly lockFile 48873eff-grunt-contrib-connect-0-10-1 grunt-contrib-connect@0.10.1
185 silly lockFile 8d414d07-grunt-contrib-connect grunt-contrib-connect@
186 silly lockFile 8d414d07-grunt-contrib-connect grunt-contrib-connect@
187 silly lockFile 81abf7ad-grunt-0-4-5 grunt@0.4.5
188 silly lockFile 81abf7ad-grunt-0-4-5 grunt@0.4.5
189 silly lockFile 55f1ff24-grunt grunt@
190 silly lockFile 55f1ff24-grunt grunt@
191 silly lockFile 495e6301-load-grunt-tasks-3-2-0 load-grunt-tasks@3.2.0
192 silly lockFile 495e6301-load-grunt-tasks-3-2-0 load-grunt-tasks@3.2.0
193 silly lockFile 13a274a3-load-grunt-tasks load-grunt-tasks@
194 silly lockFile 13a274a3-load-grunt-tasks load-grunt-tasks@
195 http 304 https://registry.npmjs.org/grunt-karma
196 silly registry.get cb [ 304,
196 silly registry.get   { date: 'Tue, 07 Jul 2015 19:11:36 GMT',
196 silly registry.get     via: '1.1 varnish',
196 silly registry.get     'cache-control': 'max-age=60',
196 silly registry.get     etag: '"C0UYHWVT34S50IIAD7VLLSDEJ"',
196 silly registry.get     age: '39',
196 silly registry.get     connection: 'keep-alive',
196 silly registry.get     'x-served-by': 'cache-fra1220-FRA',
196 silly registry.get     'x-cache': 'HIT',
196 silly registry.get     'x-cache-hits': '75',
196 silly registry.get     'x-timer': 'S1436296296.339848,VS0,VE0',
196 silly registry.get     vary: 'Accept' } ]
197 verbose etag https://registry.npmjs.org/grunt-karma from cache
198 http 404 https://registry.npmjs.org/0.4.0
199 verbose headers { server: 'CouchDB/1.5.0 (Erlang OTP/R16B03)',
199 verbose headers   'content-type': 'application/json',
199 verbose headers   'cache-control': 'max-age=0',
199 verbose headers   'content-length': '51',
199 verbose headers   'accept-ranges': 'bytes',
199 verbose headers   date: 'Tue, 07 Jul 2015 19:11:36 GMT',
199 verbose headers   via: '1.1 varnish',
199 verbose headers   age: '0',
199 verbose headers   connection: 'keep-alive',
199 verbose headers   'x-served-by': 'cache-fra1245-FRA',
199 verbose headers   'x-cache': 'MISS',
199 verbose headers   'x-cache-hits': '0',
199 verbose headers   'x-timer': 'S1436296296.234337,VS0,VE107' }
200 silly registry.get cb [ 404,
200 silly registry.get   { server: 'CouchDB/1.5.0 (Erlang OTP/R16B03)',
200 silly registry.get     'content-type': 'application/json',
200 silly registry.get     'cache-control': 'max-age=0',
200 silly registry.get     'content-length': '51',
200 silly registry.get     'accept-ranges': 'bytes',
200 silly registry.get     date: 'Tue, 07 Jul 2015 19:11:36 GMT',
200 silly registry.get     via: '1.1 varnish',
200 silly registry.get     age: '0',
200 silly registry.get     connection: 'keep-alive',
200 silly registry.get     'x-served-by': 'cache-fra1245-FRA',
200 silly registry.get     'x-cache': 'MISS',
200 silly registry.get     'x-cache-hits': '0',
200 silly registry.get     'x-timer': 'S1436296296.234337,VS0,VE107' } ]
201 silly lockFile 8c6350cf-0-4-0 0.4.0@
202 silly lockFile 8c6350cf-0-4-0 0.4.0@
203 silly addNameRange number 2 { name: 'grunt-karma', range: '*', hasData: true }
204 silly addNameRange versions [ 'grunt-karma',
204 silly addNameRange   [ '0.3.0',
204 silly addNameRange     '0.4.0',
204 silly addNameRange     '0.4.1',
204 silly addNameRange     '0.4.2',
204 silly addNameRange     '0.4.3',
204 silly addNameRange     '0.4.4',
204 silly addNameRange     '0.5.0',
204 silly addNameRange     '0.4.5',
204 silly addNameRange     '0.5.1',
204 silly addNameRange     '0.5.2',
204 silly addNameRange     '0.4.6',
204 silly addNameRange     '0.5.3',
204 silly addNameRange     '0.5.4',
204 silly addNameRange     '0.6.0',
204 silly addNameRange     '0.6.1',
204 silly addNameRange     '0.7.0',
204 silly addNameRange     '0.6.2',
204 silly addNameRange     '0.7.1',
204 silly addNameRange     '0.7.2',
204 silly addNameRange     '0.7.3',
204 silly addNameRange     '0.8.0',
204 silly addNameRange     '0.8.1',
204 silly addNameRange     '0.8.2',
204 silly addNameRange     '0.8.3',
204 silly addNameRange     '0.9.0',
204 silly addNameRange     '0.10.0',
204 silly addNameRange     '0.10.1',
204 silly addNameRange     '0.11.0',
204 silly addNameRange     '0.11.1',
204 silly addNameRange     '0.11.2' ] ]
205 verbose addNamed [ 'grunt-karma', '0.11.2' ]
206 verbose addNamed [ '0.11.2', '0.11.2' ]
207 silly lockFile f7d5093a-grunt-karma-0-11-2 grunt-karma@0.11.2
208 verbose lock grunt-karma@0.11.2 /home/nghi/.npm/f7d5093a-grunt-karma-0-11-2.lock
209 silly lockFile f7d5093a-grunt-karma-0-11-2 grunt-karma@0.11.2
210 silly lockFile f7d5093a-grunt-karma-0-11-2 grunt-karma@0.11.2
211 silly lockFile 94531edb-grunt-karma grunt-karma@
212 silly lockFile 94531edb-grunt-karma grunt-karma@
213 http 304 https://registry.npmjs.org/grunt-protractor-runner
214 silly registry.get cb [ 304,
214 silly registry.get   { date: 'Tue, 07 Jul 2015 19:11:36 GMT',
214 silly registry.get     via: '1.1 varnish',
214 silly registry.get     'cache-control': 'max-age=60',
214 silly registry.get     etag: '"6UR3K00J92QSFV97JNBUDWNZ1"',
214 silly registry.get     age: '0',
214 silly registry.get     connection: 'keep-alive',
214 silly registry.get     'x-served-by': 'cache-fra1229-FRA',
214 silly registry.get     'x-cache': 'HIT',
214 silly registry.get     'x-cache-hits': '1',
214 silly registry.get     'x-timer': 'S1436296296.274643,VS0,VE179',
214 silly registry.get     vary: 'Accept' } ]
215 verbose etag https://registry.npmjs.org/grunt-protractor-runner from cache
216 silly addNameRange number 2 { name: 'grunt-protractor-runner', range: '*', hasData: true }
217 silly addNameRange versions [ 'grunt-protractor-runner',
217 silly addNameRange   [ '0.1.0',
217 silly addNameRange     '0.1.1',
217 silly addNameRange     '0.1.2',
217 silly addNameRange     '0.1.3',
217 silly addNameRange     '0.1.4',
217 silly addNameRange     '0.1.5',
217 silly addNameRange     '0.1.6',
217 silly addNameRange     '0.1.7',
217 silly addNameRange     '0.1.8',
217 silly addNameRange     '0.1.9',
217 silly addNameRange     '0.1.10',
217 silly addNameRange     '0.1.11',
217 silly addNameRange     '0.2.0',
217 silly addNameRange     '0.2.1',
217 silly addNameRange     '0.2.2',
217 silly addNameRange     '0.2.3',
217 silly addNameRange     '0.2.4',
217 silly addNameRange     '0.2.5',
217 silly addNameRange     '1.0.0',
217 silly addNameRange     '1.0.1',
217 silly addNameRange     '1.1.0',
217 silly addNameRange     '1.1.1',
217 silly addNameRange     '1.1.2',
217 silly addNameRange     '1.1.3',
217 silly addNameRange     '1.1.4',
217 silly addNameRange     '1.2.0',
217 silly addNameRange     '1.2.1',
217 silly addNameRange     '2.0.0' ] ]
218 verbose addNamed [ 'grunt-protractor-runner', '2.0.0' ]
219 verbose addNamed [ '2.0.0', '2.0.0' ]
220 silly lockFile ced95cc8-grunt-protractor-runner-2-0-0 grunt-protractor-runner@2.0.0
221 verbose lock grunt-protractor-runner@2.0.0 /home/nghi/.npm/ced95cc8-grunt-protractor-runner-2-0-0.lock
222 silly lockFile ced95cc8-grunt-protractor-runner-2-0-0 grunt-protractor-runner@2.0.0
223 silly lockFile ced95cc8-grunt-protractor-runner-2-0-0 grunt-protractor-runner@2.0.0
224 silly lockFile 04296a9a-grunt-protractor-runner grunt-protractor-runner@
225 silly lockFile 04296a9a-grunt-protractor-runner grunt-protractor-runner@
226 http 304 https://registry.npmjs.org/grunt-protractor-webdriver
227 silly registry.get cb [ 304,
227 silly registry.get   { date: 'Tue, 07 Jul 2015 19:11:36 GMT',
227 silly registry.get     via: '1.1 varnish',
227 silly registry.get     'cache-control': 'max-age=60',
227 silly registry.get     etag: '"2MY3DWL8RNEN8YB8OZLMIQV30"',
227 silly registry.get     age: '0',
227 silly registry.get     connection: 'keep-alive',
227 silly registry.get     'x-served-by': 'cache-fra1223-FRA',
227 silly registry.get     'x-cache': 'MISS',
227 silly registry.get     'x-cache-hits': '0',
227 silly registry.get     'x-timer': 'S1436296296.245478,VS0,VE694',
227 silly registry.get     vary: 'Accept' } ]
228 verbose etag https://registry.npmjs.org/grunt-protractor-webdriver from cache
229 silly addNameRange number 2 { name: 'grunt-protractor-webdriver', range: '*', hasData: true }
230 silly addNameRange versions [ 'grunt-protractor-webdriver',
230 silly addNameRange   [ '0.1.0',
230 silly addNameRange     '0.1.1',
230 silly addNameRange     '0.1.2',
230 silly addNameRange     '0.1.4',
230 silly addNameRange     '0.1.6',
230 silly addNameRange     '0.1.7',
230 silly addNameRange     '0.1.8',
230 silly addNameRange     '0.1.9',
230 silly addNameRange     '0.2.0' ] ]
231 verbose addNamed [ 'grunt-protractor-webdriver', '0.2.0' ]
232 verbose addNamed [ '0.2.0', '0.2.0' ]
233 silly lockFile 83df057e-grunt-protractor-webdriver-0-2-0 grunt-protractor-webdriver@0.2.0
234 verbose lock grunt-protractor-webdriver@0.2.0 /home/nghi/.npm/83df057e-grunt-protractor-webdriver-0-2-0.lock
235 silly lockFile 83df057e-grunt-protractor-webdriver-0-2-0 grunt-protractor-webdriver@0.2.0
236 silly lockFile 83df057e-grunt-protractor-webdriver-0-2-0 grunt-protractor-webdriver@0.2.0
237 silly lockFile 0ec397ea-grunt-protractor-webdriver grunt-protractor-webdriver@
238 silly lockFile 0ec397ea-grunt-protractor-webdriver grunt-protractor-webdriver@
239 error 404 404 Not Found: 0.4.0
239 error 404
239 error 404 '0.4.0' is not in the npm registry.
239 error 404 You should bug the author to publish it
239 error 404 It was specified as a dependency of 'basic_example'
239 error 404
239 error 404 Note that you can also install from a
239 error 404 tarball, folder, or http url, or git url.
240 error System Linux 3.19.0-22-generic
241 error command "/usr/bin/node" "/usr/bin/npm" "install" "grunt" "grunt-contrib-connect" "grunt-karma" "grunt-protractor-runner" "grunt-protractor-webdriver" "load-grunt-tasks" "0.4.0" "--save-dev"
242 error cwd /home/nghi/_WORKSPACE/WebstormProjects/AngularJS Testing Cookbook/basic_example
243 error node -v v0.10.39
244 error npm -v 1.4.28
245 error code E404
246 verbose exit [ 1, true ]
